Drill Listing
=============
Drill: .00787  Tool: 1  Feed: 0  Speed: 0
X 662411  Y 628548
X 667135  Y 628548
X 667135  Y 632091
X 662411  Y 632091
X 670679  Y 632091
X 658868  Y 632091
X 670679  Y 636815
X 667135  Y 636815
X 662411  Y 636815
X 658868  Y 636815
X 662411  Y 640359
X 667135  Y 640359

Drill: .008  Tool: 2  Feed: 0  Speed: 0
X 613698  Y 606653
X 603898  Y 607253
X 610698  Y 609253
X 613798  Y 613253
X 604998  Y 616353
X 620198  Y 622553
X 620498  Y 632453
X 622098  Y 654053
X 621635  Y 702401
X 620994  Y 706801
X 620994  Y 712152
X 621298  Y 718253
X 624298  Y 727053
X 619398  Y 727753
X 623798  Y 736853
X 617798  Y 740153
X 624198  Y 749853
X 620398  Y 750153
X 619000  Y 753700
X 624098  Y 760553
X 617798  Y 763853
X 620398  Y 767153
X 623598  Y 774853
X 620398  Y 782253
X 624798  Y 786653
X 620998  Y 790653
X 617100  Y 797200
X 620898  Y 800453
X 619148  Y 810703
X 616648  Y 820703
X 615398  Y 831953
X 606648  Y 835703
X 639898  Y 813353
X 635698  Y 809653
X 640098  Y 809053
X 637898  Y 806953
X 631598  Y 804553
X 636598  Y 803653
X 627598  Y 800753
X 638998  Y 800653
X 648898  Y 799453
X 641998  Y 796753
X 632998  Y 796453
X 648998  Y 794553
X 645198  Y 791953
X 649298  Y 788953
X 637298  Y 785353
X 635832  Y 782231
X 625798  Y 779353
X 641698  Y 774953
X 649098  Y 773153
X 641798  Y 771253
X 638094  Y 770591
X 626336  Y 767460
X 645898  Y 765453
X 643798  Y 763053
X 641398  Y 760553
X 634564  Y 758509
X 644198  Y 754453
X 627898  Y 751553
X 642498  Y 750853
X 645698  Y 750653
X 645598  Y 745953
X 640798  Y 745953
X 646798  Y 742653
X 645198  Y 740553
X 648198  Y 740553
X 634798  Y 740453
X 642198  Y 738653
X 626598  Y 737153
X 639898  Y 735653
X 646098  Y 730853
X 630798  Y 727353
X 634198  Y 723053
X 647398  Y 722053
X 631298  Y 721653
X 639898  Y 721153
X 642900  Y 719200
X 638098  Y 712253
X 632298  Y 712053
X 646298  Y 711553
X 641098  Y 702953
X 634988  Y 702372
X 629698  Y 702053
X 647400  Y 701200
X 635998  Y 699253
X 646280  Y 695547
X 629698  Y 692653
X 643047  Y 691489
X 629598  Y 687253
X 646239  Y 683373
X 639598  Y 681953
X 632020  Y 681510
X 632898  Y 662853
X 625698  Y 662353
X 649898  Y 661153
X 642998  Y 659053
X 643000  Y 653287
X 648998  Y 653253
X 629298  Y 650753
X 633298  Y 650253
X 642798  Y 646753
X 630198  Y 643953
X 642798  Y 641753
X 637104  Y 638748
X 635898  Y 636953
X 627798  Y 635653
X 640398  Y 635053
X 635998  Y 634353
X 626098  Y 633453
X 638298  Y 632553
X 640498  Y 629453
X 630598  Y 624953
X 640298  Y 624653
X 626198  Y 621953
X 630098  Y 620053
X 642798  Y 612153
X 632798  Y 611853
X 648398  Y 610453
X 648398  Y 607953
X 640398  Y 605153
X 662198  Y 602553
X 650898  Y 607953
X 673398  Y 610153
X 650898  Y 610453
X 661998  Y 618453
X 668598  Y 619553
X 666198  Y 619853
X 673398  Y 620053
X 658298  Y 621353
X 654398  Y 624453
X 651798  Y 626153
X 650798  Y 631353
X 650698  Y 633553
X 651198  Y 647253
X 659198  Y 647453
X 661498  Y 647453
X 654398  Y 647453
X 671898  Y 647653
X 664598  Y 647753
X 673498  Y 648953
X 662498  Y 653153
X 673598  Y 658553
X 659598  Y 659153
X 652198  Y 659253
X 663298  Y 659753
X 665898  Y 659753
X 651600  Y 662300
X 674398  Y 662553
X 663100  Y 665200
X 663200  Y 669400
X 651600  Y 669600
X 658798  Y 673353
X 670098  Y 673353
X 674098  Y 674053
X 672098  Y 674553
X 674398  Y 676453
X 660498  Y 680553
X 658298  Y 680653
X 651598  Y 680853
X 672498  Y 681153
X 653898  Y 682553
X 656998  Y 682553
X 673398  Y 683353
X 670044  Y 683654
X 660799  Y 685353
X 670098  Y 686053
X 660798  Y 688553
X 663244  Y 688654
X 660499  Y 691610
X 674384  Y 691800
X 651302  Y 693597
X 671800  Y 697900
X 671973  Y 700896
X 650200  Y 701200
X 666792  Y 701221
X 673077  Y 706884
X 665000  Y 708200
X 655800  Y 708600
X 671477  Y 710132
X 657500  Y 710700
X 672698  Y 712253
X 662700  Y 712700
X 672698  Y 714553
X 662598  Y 715253
X 673398  Y 716453
X 662798  Y 717553
X 657598  Y 723353
X 670300  Y 725300
X 673333  Y 725578
X 655998  Y 729153
X 669598  Y 729253
X 652098  Y 731253
X 669598  Y 733453
X 656198  Y 734053
X 673495  Y 735195
X 657298  Y 744153
X 662098  Y 744253
X 670309  Y 744649
X 661012  Y 746513
X 669898  Y 750453
X 665898  Y 750453
X 661898  Y 750453
X 669898  Y 754453
X 657898  Y 754453
X 665898  Y 754453
X 661898  Y 754453
X 651798  Y 756553
X 657898  Y 758453
X 665898  Y 758453
X 661898  Y 758453
X 669898  Y 758453
X 654198  Y 759353
X 673498  Y 760853
X 661898  Y 762453
X 652498  Y 764153
X 674898  Y 767753
X 658298  Y 769353
X 665898  Y 769753
X 657998  Y 777253
X 674901  Y 779516
X 668798  Y 780153
X 654198  Y 788553
X 672998  Y 788853
X 668498  Y 789853
X 669798  Y 791353
X 673798  Y 799453
X 671098  Y 802853
X 655498  Y 803253
X 652598  Y 803353
X 668198  Y 803353
X 658398  Y 803553
X 653998  Y 805353
X 650698  Y 805553
X 661498  Y 805653
X 659498  Y 805753
X 666898  Y 805853
X 671398  Y 806053
X 662545  Y 811991
X 660521  Y 812076
X 672298  Y 812253
X 650698  Y 812353
X 658598  Y 812753
X 696898  Y 835453
X 688898  Y 826453
X 694898  Y 826453
X 697898  Y 822453
X 688898  Y 818453
X 694898  Y 818053
X 684398  Y 813353
X 695698  Y 812253
X 684598  Y 809053
X 694898  Y 807753
X 684898  Y 804453
X 695698  Y 802153
X 676798  Y 801153
X 693098  Y 800053
X 691898  Y 796253
X 699898  Y 793053
X 692798  Y 792853
X 697798  Y 792853
X 676798  Y 792753
X 677798  Y 789153
X 689998  Y 786853
X 695498  Y 786853
X 692898  Y 782453
X 675215  Y 782269
X 680676  Y 782253
X 683598  Y 782253
X 685098  Y 778553
X 698537  Y 773588
X 692498  Y 773453
X 684298  Y 773253
X 694688  Y 772377
X 687098  Y 766353
X 675398  Y 764853
X 694198  Y 763753
X 689098  Y 763153
X 685098  Y 762753
X 682698  Y 758153
X 683098  Y 755353
X 675698  Y 753253
X 689198  Y 752853
X 695198  Y 752253
X 692973  Y 749501
X 687085  Y 748511
X 675398  Y 748453
X 677688  Y 735458
X 690222  Y 731288
X 678635  Y 730446
X 688000  Y 729000
X 685400  Y 728000
X 675699  Y 725607
X 684387  Y 724689
X 693105  Y 723539
X 699400  Y 723400
X 688041  Y 722896
X 683100  Y 722500
X 683157  Y 703765
X 678313  Y 703653
X 691500  Y 697100
X 693898  Y 695953
X 688300  Y 695400
X 683800  Y 695000
X 675048  Y 694177
X 678480  Y 694088
X 688000  Y 691400
X 675973  Y 690235
X 691800  Y 690200
X 689698  Y 688153
X 697098  Y 686053
X 694698  Y 686053
X 689698  Y 680753
X 694366  Y 680059
X 679798  Y 676853
X 693798  Y 675753
X 683698  Y 675753
X 679398  Y 674653
X 681698  Y 674553
X 686698  Y 673953
X 685898  Y 671953
X 692798  Y 670353
X 697498  Y 670153
X 690798  Y 666053
X 679398  Y 665353
X 682798  Y 665153
X 693598  Y 664853
X 688498  Y 658653
X 679198  Y 653153
X 681998  Y 652753
X 679298  Y 650153
X 677999  Y 642254
X 683798  Y 640553
X 680798  Y 634253
X 682598  Y 626853
X 676998  Y 625053
X 682298  Y 623653
X 675198  Y 613153
X 679698  Y 611653
X 679498  Y 608053
X 691198  Y 604053
X 684298  Y 603853
X 701498  Y 604553
X 705398  Y 608453
X 702898  Y 608453
X 705398  Y 611453
X 702898  Y 611453
X 704598  Y 622553
X 704498  Y 627853
X 706798  Y 627853
X 705498  Y 640253
X 703198  Y 642553
X 707398  Y 648853
X 705298  Y 651853
X 701898  Y 670253
X 701798  Y 680853
X 701298  Y 685253
X 701998  Y 691253
X 700598  Y 697053
X 701236  Y 729006
X 701236  Y 741448
X 700598  Y 762953
X 701898  Y 770853
X 701398  Y 783153
X 701298  Y 785453
X 701298  Y 787553
X 702098  Y 793153
X 702798  Y 799953
X 703398  Y 809753
X 712898  Y 823453
X 703898  Y 825453
X 717898  Y 835453

Drill: .02362  Tool: 3  Feed: 197  Speed: 550
X 678031  Y 813387 X 678031  Y 809450
X 644015  Y 813387 X 644015  Y 809450
X 682755  Y 831694 X 682755  Y 829332
X 639291  Y 831694 X 639291  Y 829332
X 646377  Y 813387 X 644015  Y 813387
X 678031  Y 813387 X 675669  Y 813387

Drill: .035  Tool: 4  Feed: 197  Speed: 550
X 600000  Y 625078
X 610000  Y 625078
X 600000  Y 635078
X 610000  Y 635078
X 600000  Y 645078
X 610000  Y 645078
X 600000  Y 655078
X 610000  Y 655078
X 600000  Y 665078
X 610000  Y 665078
X 600000  Y 675078
X 610000  Y 675078
X 600000  Y 685078
X 610000  Y 685078
X 610000  Y 695078
X 600000  Y 695078
X 610000  Y 705078
X 600000  Y 705078
X 610000  Y 715078
X 600000  Y 715078
X 610000  Y 725078
X 600000  Y 725078
X 610000  Y 735078
X 600000  Y 735078
X 610000  Y 745078
X 600000  Y 745078
X 610000  Y 755078
X 600000  Y 755078
X 610000  Y 765078
X 600000  Y 765078
X 610000  Y 775078
X 600000  Y 775078
X 610000  Y 785078
X 600000  Y 785078
X 600000  Y 795078
X 610000  Y 795078
X 610000  Y 805078
X 600000  Y 805078
X 600000  Y 815078
X 610000  Y 815078
X 722047  Y 815078
X 712047  Y 815078
X 722047  Y 805078
X 712047  Y 805078
X 722047  Y 795078
X 712047  Y 795078
X 722047  Y 785078
X 712047  Y 785078
X 722047  Y 775078
X 712047  Y 775078
X 722047  Y 765078
X 712047  Y 765078
X 722047  Y 755078
X 712047  Y 755078
X 712047  Y 745078
X 722047  Y 745078
X 712047  Y 735078
X 722047  Y 735078
X 712047  Y 725078
X 722047  Y 725078
X 712047  Y 715078
X 722047  Y 715078
X 712047  Y 705078
X 722047  Y 705078
X 712047  Y 695078
X 722047  Y 695078
X 712047  Y 685078
X 722047  Y 685078
X 712047  Y 675078
X 722047  Y 675078
X 712047  Y 665078
X 722047  Y 665078
X 712047  Y 655078
X 722047  Y 655078
X 722047  Y 645078
X 712047  Y 645078
X 712047  Y 635078
X 722047  Y 635078
X 722047  Y 625078
X 712047  Y 625078

End of Listing
